0 info it worked if it ends with ok
1 verbose cli [ '/home/commando/.nvm/versions/node/v6.12.0/bin/node',
1 verbose cli   '/home/commando/.nvm/versions/node/v6.12.0/bin/npm',
1 verbose cli   'run',
1 verbose cli   'start' ]
2 info using npm@3.10.10
3 info using node@v6.12.0
4 verbose run-script [ 'prestart', 'start', 'poststart' ]
5 info lifecycle typescript_api@1.0.0~prestart: typescript_api@1.0.0
6 silly lifecycle typescript_api@1.0.0~prestart: no script for prestart, continuing
7 info lifecycle typescript_api@1.0.0~start: typescript_api@1.0.0
8 verbose lifecycle typescript_api@1.0.0~start: unsafe-perm in lifecycle true
9 verbose lifecycle typescript_api@1.0.0~start: PATH: /home/commando/.nvm/versions/node/v6.12.0/lib/node_modules/npm/bin/node-gyp-bin:/home/commando/Documents/Companies Projects/TechBrainLab/Workspaces/web/typescript_api/node_modules/.bin:/home/commando/bin:/home/commando/.local/bin:/home/commando/.nvm/versions/node/v6.12.0/bin:/home/commando/bin:/home/commando/.local/bin:/usr/local/sbin:/usr/local/bin:/usr/sbin:/usr/bin:/sbin:/bin:/usr/games:/usr/local/games:/snap/bin
10 verbose lifecycle typescript_api@1.0.0~start: CWD: /home/commando/Documents/Companies Projects/TechBrainLab/Workspaces/web/typescript_api
11 silly lifecycle typescript_api@1.0.0~start: Args: [ '-c', 'tslint -p . -c tslint.json && gulp start' ]
12 silly lifecycle typescript_api@1.0.0~start: Returned: code: 1  signal: null
13 info lifecycle typescript_api@1.0.0~start: Failed to exec start script
14 verbose stack Error: typescript_api@1.0.0 start: `tslint -p . -c tslint.json && gulp start`
14 verbose stack Exit status 1
14 verbose stack     at EventEmitter.<anonymous> (/home/commando/.nvm/versions/node/v6.12.0/lib/node_modules/npm/lib/utils/lifecycle.js:255:16)
14 verbose stack     at emitTwo (events.js:106:13)
14 verbose stack     at EventEmitter.emit (events.js:191:7)
14 verbose stack     at ChildProcess.<anonymous> (/home/commando/.nvm/versions/node/v6.12.0/lib/node_modules/npm/lib/utils/spawn.js:40:14)
14 verbose stack     at emitTwo (events.js:106:13)
14 verbose stack     at ChildProcess.emit (events.js:191:7)
14 verbose stack     at maybeClose (internal/child_process.js:920:16)
14 verbose stack     at Process.ChildProcess._handle.onexit (internal/child_process.js:230:5)
15 verbose pkgid typescript_api@1.0.0
16 verbose cwd /home/commando/Documents/Companies Projects/TechBrainLab/Workspaces/web/typescript_api
17 error Linux 4.13.0-26-generic
18 error argv "/home/commando/.nvm/versions/node/v6.12.0/bin/node" "/home/commando/.nvm/versions/node/v6.12.0/bin/npm" "run" "start"
19 error node v6.12.0
20 error npm  v3.10.10
21 error code ELIFECYCLE
22 error typescript_api@1.0.0 start: `tslint -p . -c tslint.json && gulp start`
22 error Exit status 1
23 error Failed at the typescript_api@1.0.0 start script 'tslint -p . -c tslint.json && gulp start'.
23 error Make sure you have the latest version of node.js and npm installed.
23 error If you do, this is most likely a problem with the typescript_api package,
23 error not with npm itself.
23 error Tell the author that this fails on your system:
23 error     tslint -p . -c tslint.json && gulp start
23 error You can get information on how to open an issue for this project with:
23 error     npm bugs typescript_api
23 error Or if that isn't available, you can get their info via:
23 error     npm owner ls typescript_api
23 error There is likely additional logging output above.
24 verbose exit [ 1, true ]
